Watching for file changes with StatReloader
Performing system checks...

System check identified some issues:

WARNINGS:
todos.Todo: (models.W042) Auto-created primary key used when not defining a primary key type, by default 'django.db.models.AutoField'.
	HINT: Configure the DEFAULT_AUTO_FIELD setting or the TodosConfig.default_auto_field attribute to point to a subclass of AutoField, e.g. 'django.db.models.BigAutoField'.

System check identified 1 issue (0 silenced).
August 09, 2023 - 20:50:12
Django version 4.2.4, using settings 'todoApp.settings'
Starting development server at http://0.0.0.0:8000/
Quit the server with CONTROL-C.

[09/Aug/2023 20:50:36] "GET /todos/ HTTP/1.1" 200 3515
[09/Aug/2023 20:50:36] "GET /static/css/style.css HTTP/1.1" 304 0
[09/Aug/2023 21:11:14] "GET /todos/ HTTP/1.1" 200 3515
[09/Aug/2023 21:11:14] "GET /static/css/style.css HTTP/1.1" 304 0
[09/Aug/2023 21:11:18] "GET /todos/ HTTP/1.1" 200 3515
[09/Aug/2023 21:16:37] "GET /todos/ HTTP/1.1" 200 3515
[09/Aug/2023 22:47:41] code 400, message Bad request syntax ('\x01\x01æ')
[09/Aug/2023 22:47:41] "æ" 400 -
[10/Aug/2023 00:14:17] code 400, message Bad request syntax ('JDWP-Handshake')
[10/Aug/2023 00:14:17] "JDWP-Handshake" 400 -
